<?xml version="1.0" encoding="UTF-8"?>
<testng-results ignored="0" total="1" passed="1" failed="0" skipped="0">
  <reporter-output>
  </reporter-output>
  <suite started-at="2022-02-16T16:30:58 PST" name="Default suite" finished-at="2022-02-16T16:31:01 PST" duration-ms="2823">
    <groups>
    </groups>
    <test started-at="2022-02-16T16:30:58 PST" name="Default test" finished-at="2022-02-16T16:31:01 PST" duration-ms="2823">
      <class name="com.qa.test.DELETE_Request_BDD">
        <test-method is-config="true" signature="initialize()[pri:0, instance:com.qa.test.DELETE_Request_BDD@2ef3eef9]" started-at="2022-02-16T16:30:58 PST" name="initialize" finished-at="2022-02-16T16:30:59 PST" duration-ms="585" status="PASS">
          <reporter-output>
          </reporter-output>
        </test-method> <!-- initialize -->
        <test-method signature="deleteUserData()[pri:0, instance:com.qa.test.DELETE_Request_BDD@2ef3eef9]" started-at="2022-02-16T16:30:59 PST" name="deleteUserData" finished-at="2022-02-16T16:31:01 PST" duration-ms="2213" status="PASS">
          <reporter-output>
          </reporter-output>
        </test-method> <!-- deleteUserData -->
      </class> <!-- com.qa.test.DELETE_Request_BDD -->
    </test> <!-- Default test -->
  </suite> <!-- Default suite -->
</testng-results>
